2022-07-02 19:41:56,415 - DEBUG - api_logger -(views.py).api_posts(24) - Listing all posts
2022-07-02 22:53:56,802 - DEBUG - api_logger -(views.py).api_posts(23) - Загрузка всех постов
2022-07-03 00:38:20,535 - DEBUG - api_logger -(views.py).api_posts(23) - Загрузка всех постов
2022-07-03 00:38:20,537 - DEBUG - api_logger -(views.py).api_posts(23) - Загрузка всех постов
2022-07-03 00:38:20,644 - DEBUG - api_logger -(views.py).api_post_id(36) - Загрузка поста 1
2022-07-03 00:38:20,646 - DEBUG - api_logger -(views.py).api_post_id(33) - Обращение к несуществующему посту 0
2022-07-03 00:38:20,646 - ERROR - api_logger -(views.py).api_error_404(42) - Ошибка 404 Not Found: The requested URL was not found on the server. If you entered the URL manually please check your spelling and try again.
2022-07-03 00:38:20,648 - DEBUG - api_logger -(views.py).api_post_id(36) - Загрузка поста 1
2022-07-03 00:38:20,718 - DEBUG - api_logger -(views.py).api_posts(23) - Загрузка всех постов
2022-07-03 00:41:13,160 - DEBUG - api_logger -(views.py).api_posts(23) - Загрузка всех постов
2022-07-03 00:41:13,163 - DEBUG - api_logger -(views.py).api_posts(23) - Загрузка всех постов
2022-07-03 00:41:13,271 - DEBUG - api_logger -(views.py).api_post_id(36) - Загрузка поста 1
2022-07-03 00:41:13,273 - DEBUG - api_logger -(views.py).api_post_id(33) - Обращение к несуществующему посту 0
2022-07-03 00:41:13,273 - ERROR - api_logger -(views.py).api_error_404(42) - Ошибка 404 Not Found: The requested URL was not found on the server. If you entered the URL manually please check your spelling and try again.
2022-07-03 00:41:13,275 - DEBUG - api_logger -(views.py).api_post_id(36) - Загрузка поста 1
2022-07-03 00:41:13,342 - DEBUG - api_logger -(views.py).api_posts(23) - Загрузка всех постов
2022-07-03 00:42:23,385 - DEBUG - api_logger -(views.py).api_posts(23) - Загрузка всех постов
2022-07-03 00:42:23,387 - DEBUG - api_logger -(views.py).api_posts(23) - Загрузка всех постов
2022-07-03 00:42:23,494 - DEBUG - api_logger -(views.py).api_post_id(36) - Загрузка поста 1
2022-07-03 00:42:23,496 - DEBUG - api_logger -(views.py).api_post_id(33) - Обращение к несуществующему посту 0
2022-07-03 00:42:23,496 - ERROR - api_logger -(views.py).api_error_404(42) - Ошибка 404 Not Found: The requested URL was not found on the server. If you entered the URL manually please check your spelling and try again.
2022-07-03 00:42:23,498 - DEBUG - api_logger -(views.py).api_post_id(36) - Загрузка поста 1
2022-07-03 00:42:23,565 - DEBUG - api_logger -(views.py).api_posts(23) - Загрузка всех постов
2022-07-03 00:42:23,568 - DEBUG - api_logger -(views.py).api_post_id(36) - Загрузка поста 7
2022-07-03 00:43:39,166 - DEBUG - api_logger -(views.py).api_posts(23) - Загрузка всех постов
2022-07-03 00:43:39,168 - DEBUG - api_logger -(views.py).api_posts(23) - Загрузка всех постов
2022-07-03 00:43:39,272 - DEBUG - api_logger -(views.py).api_post_id(36) - Загрузка поста 1
2022-07-03 00:43:39,274 - DEBUG - api_logger -(views.py).api_post_id(33) - Обращение к несуществующему посту 0
2022-07-03 00:43:39,274 - ERROR - api_logger -(views.py).api_error_404(42) - Ошибка 404 Not Found: The requested URL was not found on the server. If you entered the URL manually please check your spelling and try again.
2022-07-03 00:43:39,276 - DEBUG - api_logger -(views.py).api_post_id(36) - Загрузка поста 1
2022-07-03 00:43:39,344 - DEBUG - api_logger -(views.py).api_posts(23) - Загрузка всех постов
2022-07-03 00:43:39,346 - DEBUG - api_logger -(views.py).api_post_id(36) - Загрузка поста 1
2022-07-03 00:45:25,239 - DEBUG - api_logger -(views.py).api_posts(23) - Загрузка всех постов
2022-07-03 00:45:25,242 - DEBUG - api_logger -(views.py).api_posts(23) - Загрузка всех постов
2022-07-03 00:45:25,349 - DEBUG - api_logger -(views.py).api_post_id(36) - Загрузка поста 1
2022-07-03 00:45:25,351 - DEBUG - api_logger -(views.py).api_post_id(33) - Обращение к несуществующему посту 0
2022-07-03 00:45:25,351 - ERROR - api_logger -(views.py).api_error_404(42) - Ошибка 404 Not Found: The requested URL was not found on the server. If you entered the URL manually please check your spelling and try again.
2022-07-03 00:45:25,353 - DEBUG - api_logger -(views.py).api_post_id(36) - Загрузка поста 1
2022-07-03 00:45:25,422 - DEBUG - api_logger -(views.py).api_posts(23) - Загрузка всех постов
2022-07-03 00:45:25,424 - DEBUG - api_logger -(views.py).api_post_id(36) - Загрузка поста 1
2022-07-03 00:46:38,552 - DEBUG - api_logger -(views.py).api_posts(23) - Загрузка всех постов
2022-07-03 00:46:38,554 - DEBUG - api_logger -(views.py).api_posts(23) - Загрузка всех постов
2022-07-03 00:46:38,661 - DEBUG - api_logger -(views.py).api_post_id(36) - Загрузка поста 1
2022-07-03 00:46:38,663 - DEBUG - api_logger -(views.py).api_post_id(33) - Обращение к несуществующему посту 0
2022-07-03 00:46:38,663 - ERROR - api_logger -(views.py).api_error_404(42) - Ошибка 404 Not Found: The requested URL was not found on the server. If you entered the URL manually please check your spelling and try again.
2022-07-03 00:46:38,665 - DEBUG - api_logger -(views.py).api_post_id(36) - Загрузка поста 1
2022-07-03 00:47:27,601 - DEBUG - api_logger -(views.py).api_posts(23) - Загрузка всех постов
2022-07-03 00:47:27,604 - DEBUG - api_logger -(views.py).api_posts(23) - Загрузка всех постов
2022-07-03 00:47:27,710 - DEBUG - api_logger -(views.py).api_post_id(36) - Загрузка поста 1
2022-07-03 00:47:27,712 - DEBUG - api_logger -(views.py).api_post_id(33) - Обращение к несуществующему посту 0
2022-07-03 00:47:27,712 - ERROR - api_logger -(views.py).api_error_404(42) - Ошибка 404 Not Found: The requested URL was not found on the server. If you entered the URL manually please check your spelling and try again.
2022-07-03 00:47:27,714 - DEBUG - api_logger -(views.py).api_post_id(36) - Загрузка поста 1
2022-07-03 00:49:13,701 - DEBUG - api_logger -(views.py).api_posts(23) - Загрузка всех постов
2022-07-03 00:49:13,704 - DEBUG - api_logger -(views.py).api_posts(23) - Загрузка всех постов
2022-07-03 00:49:13,809 - DEBUG - api_logger -(views.py).api_post_id(36) - Загрузка поста 1
2022-07-03 00:49:13,811 - DEBUG - api_logger -(views.py).api_post_id(33) - Обращение к несуществующему посту 0
2022-07-03 00:49:13,811 - ERROR - api_logger -(views.py).api_error_404(42) - Ошибка 404 Not Found: The requested URL was not found on the server. If you entered the URL manually please check your spelling and try again.
2022-07-03 00:49:13,813 - DEBUG - api_logger -(views.py).api_post_id(36) - Загрузка поста 1
2022-07-03 00:54:14,354 - DEBUG - api_logger -(views.py).api_posts(23) - Загрузка всех постов
2022-07-03 00:54:14,357 - DEBUG - api_logger -(views.py).api_posts(23) - Загрузка всех постов
2022-07-03 00:54:14,461 - DEBUG - api_logger -(views.py).api_post_id(36) - Загрузка поста 1
2022-07-03 00:54:14,463 - DEBUG - api_logger -(views.py).api_post_id(33) - Обращение к несуществующему посту 0
2022-07-03 00:54:14,463 - ERROR - api_logger -(views.py).api_error_404(42) - Ошибка 404 Not Found: The requested URL was not found on the server. If you entered the URL manually please check your spelling and try again.
2022-07-03 00:54:14,465 - DEBUG - api_logger -(views.py).api_post_id(36) - Загрузка поста 1
2022-07-03 00:55:18,823 - DEBUG - api_logger -(views.py).api_posts(23) - Загрузка всех постов
2022-07-03 00:55:18,826 - DEBUG - api_logger -(views.py).api_posts(23) - Загрузка всех постов
2022-07-03 00:55:18,928 - DEBUG - api_logger -(views.py).api_post_id(36) - Загрузка поста 1
2022-07-03 00:55:18,930 - DEBUG - api_logger -(views.py).api_post_id(33) - Обращение к несуществующему посту 0
2022-07-03 00:55:18,930 - ERROR - api_logger -(views.py).api_error_404(42) - Ошибка 404 Not Found: The requested URL was not found on the server. If you entered the URL manually please check your spelling and try again.
2022-07-03 00:55:18,932 - DEBUG - api_logger -(views.py).api_post_id(36) - Загрузка поста 1
2022-07-03 00:56:30,716 - DEBUG - api_logger -(views.py).api_posts(23) - Загрузка всех постов
2022-07-03 00:56:30,719 - DEBUG - api_logger -(views.py).api_posts(23) - Загрузка всех постов
2022-07-03 00:56:30,822 - DEBUG - api_logger -(views.py).api_post_id(36) - Загрузка поста 1
2022-07-03 00:56:30,824 - DEBUG - api_logger -(views.py).api_post_id(33) - Обращение к несуществующему посту 0
2022-07-03 00:56:30,824 - ERROR - api_logger -(views.py).api_error_404(42) - Ошибка 404 Not Found: The requested URL was not found on the server. If you entered the URL manually please check your spelling and try again.
2022-07-03 00:56:30,826 - DEBUG - api_logger -(views.py).api_post_id(36) - Загрузка поста 1
2022-07-03 00:57:01,643 - DEBUG - api_logger -(views.py).api_posts(23) - Загрузка всех постов
2022-07-03 00:57:01,645 - DEBUG - api_logger -(views.py).api_posts(23) - Загрузка всех постов
2022-07-03 00:57:01,750 - DEBUG - api_logger -(views.py).api_post_id(36) - Загрузка поста 1
2022-07-03 00:57:01,752 - DEBUG - api_logger -(views.py).api_post_id(33) - Обращение к несуществующему посту 0
2022-07-03 00:57:01,752 - ERROR - api_logger -(views.py).api_error_404(42) - Ошибка 404 Not Found: The requested URL was not found on the server. If you entered the URL manually please check your spelling and try again.
2022-07-03 00:57:01,754 - DEBUG - api_logger -(views.py).api_post_id(36) - Загрузка поста 1
2022-07-03 00:58:26,001 - DEBUG - api_logger -(views.py).api_posts(23) - Загрузка всех постов
2022-07-03 00:58:26,003 - DEBUG - api_logger -(views.py).api_posts(23) - Загрузка всех постов
2022-07-03 00:58:26,005 - DEBUG - api_logger -(views.py).api_post_id(36) - Загрузка поста 1
2022-07-03 00:58:26,007 - DEBUG - api_logger -(views.py).api_post_id(33) - Обращение к несуществующему посту 0
2022-07-03 00:58:26,007 - ERROR - api_logger -(views.py).api_error_404(42) - Ошибка 404 Not Found: The requested URL was not found on the server. If you entered the URL manually please check your spelling and try again.
2022-07-03 00:58:26,009 - DEBUG - api_logger -(views.py).api_post_id(36) - Загрузка поста 1
2022-07-03 01:00:55,854 - DEBUG - api_logger -(views.py).api_posts(23) - Загрузка всех постов
2022-07-03 01:00:55,856 - DEBUG - api_logger -(views.py).api_posts(23) - Загрузка всех постов
2022-07-03 01:00:55,858 - DEBUG - api_logger -(views.py).api_post_id(36) - Загрузка поста 1
2022-07-03 01:00:55,860 - DEBUG - api_logger -(views.py).api_post_id(33) - Обращение к несуществующему посту 0
2022-07-03 01:00:55,861 - ERROR - api_logger -(views.py).api_error_404(42) - Ошибка 404 Not Found: The requested URL was not found on the server. If you entered the URL manually please check your spelling and try again.
2022-07-03 01:00:55,862 - DEBUG - api_logger -(views.py).api_post_id(36) - Загрузка поста 1
2022-07-03 01:14:42,521 - DEBUG - api_logger -(views.py).api_posts(23) - Загрузка всех постов
2022-07-03 01:14:42,524 - DEBUG - api_logger -(views.py).api_posts(23) - Загрузка всех постов
2022-07-03 01:14:42,526 - DEBUG - api_logger -(views.py).api_post_id(36) - Загрузка поста 1
2022-07-03 01:14:42,527 - DEBUG - api_logger -(views.py).api_post_id(33) - Обращение к несуществующему посту 0
2022-07-03 01:14:42,528 - ERROR - api_logger -(views.py).api_error_404(42) - Ошибка 404 Not Found: The requested URL was not found on the server. If you entered the URL manually please check your spelling and try again.
2022-07-03 01:14:42,529 - DEBUG - api_logger -(views.py).api_post_id(36) - Загрузка поста 1
2022-07-03 01:14:42,531 - DEBUG - api_logger -(views.py).api_post_id(36) - Загрузка поста 1
2022-07-03 01:14:42,533 - DEBUG - api_logger -(views.py).api_post_id(36) - Загрузка поста 2
2022-07-03 01:14:42,535 - DEBUG - api_logger -(views.py).api_post_id(36) - Загрузка поста 3
2022-07-03 01:14:42,537 - DEBUG - api_logger -(views.py).api_post_id(36) - Загрузка поста 4
2022-07-03 01:26:16,542 - DEBUG - api_logger -(views.py).api_posts(23) - Загрузка всех постов
2022-07-03 01:26:16,545 - DEBUG - api_logger -(views.py).api_posts(23) - Загрузка всех постов
2022-07-03 01:26:16,547 - DEBUG - api_logger -(views.py).api_post_id(36) - Загрузка поста 1
2022-07-03 01:26:16,549 - DEBUG - api_logger -(views.py).api_post_id(33) - Обращение к несуществующему посту 0
2022-07-03 01:26:16,549 - ERROR - api_logger -(views.py).api_error_404(42) - Ошибка 404 Not Found: The requested URL was not found on the server. If you entered the URL manually please check your spelling and try again.
2022-07-03 01:26:16,551 - DEBUG - api_logger -(views.py).api_post_id(36) - Загрузка поста 1
2022-07-03 01:26:16,553 - DEBUG - api_logger -(views.py).api_post_id(36) - Загрузка поста 1
2022-07-03 01:26:16,555 - DEBUG - api_logger -(views.py).api_post_id(36) - Загрузка поста 2
2022-07-03 01:26:16,557 - DEBUG - api_logger -(views.py).api_post_id(36) - Загрузка поста 3
2022-07-03 01:26:16,559 - DEBUG - api_logger -(views.py).api_post_id(36) - Загрузка поста 4
2022-07-03 01:26:59,345 - DEBUG - api_logger -(views.py).api_posts(23) - Загрузка всех постов
2022-07-03 01:26:59,348 - DEBUG - api_logger -(views.py).api_posts(23) - Загрузка всех постов
2022-07-03 01:26:59,350 - DEBUG - api_logger -(views.py).api_post_id(36) - Загрузка поста 1
2022-07-03 01:26:59,352 - DEBUG - api_logger -(views.py).api_post_id(33) - Обращение к несуществующему посту 0
2022-07-03 01:26:59,352 - ERROR - api_logger -(views.py).api_error_404(42) - Ошибка 404 Not Found: The requested URL was not found on the server. If you entered the URL manually please check your spelling and try again.
2022-07-03 01:26:59,354 - DEBUG - api_logger -(views.py).api_post_id(36) - Загрузка поста 1
2022-07-03 01:26:59,356 - DEBUG - api_logger -(views.py).api_post_id(36) - Загрузка поста 1
2022-07-03 01:26:59,358 - DEBUG - api_logger -(views.py).api_post_id(36) - Загрузка поста 2
2022-07-03 01:26:59,360 - DEBUG - api_logger -(views.py).api_post_id(36) - Загрузка поста 3
2022-07-03 01:26:59,362 - DEBUG - api_logger -(views.py).api_post_id(36) - Загрузка поста 4
2022-07-03 01:27:34,464 - DEBUG - api_logger -(views.py).api_posts(23) - Загрузка всех постов
2022-07-03 01:27:34,466 - DEBUG - api_logger -(views.py).api_posts(23) - Загрузка всех постов
2022-07-03 01:27:34,468 - DEBUG - api_logger -(views.py).api_post_id(36) - Загрузка поста 1
2022-07-03 01:27:34,470 - DEBUG - api_logger -(views.py).api_post_id(33) - Обращение к несуществующему посту 0
2022-07-03 01:27:34,470 - ERROR - api_logger -(views.py).api_error_404(42) - Ошибка 404 Not Found: The requested URL was not found on the server. If you entered the URL manually please check your spelling and try again.
2022-07-03 01:27:34,472 - DEBUG - api_logger -(views.py).api_post_id(36) - Загрузка поста 1
2022-07-03 01:27:34,474 - DEBUG - api_logger -(views.py).api_post_id(36) - Загрузка поста 1
2022-07-03 01:27:34,476 - DEBUG - api_logger -(views.py).api_post_id(36) - Загрузка поста 2
2022-07-03 01:27:34,478 - DEBUG - api_logger -(views.py).api_post_id(36) - Загрузка поста 3
2022-07-03 01:27:34,479 - DEBUG - api_logger -(views.py).api_post_id(36) - Загрузка поста 4
